<?xml version="1.0" encoding="UTF-8" ?>
<testsuite failures="0" time="0.327" errors="0" skipped="0" tests="13" name="com.rea.robot.simulation.test.RobotSimulationTest">
  <properties>
[...]
</properties>
  <testcase time="0.124" classname="com.rea.robot.simulation.test.RobotSimulationTest" name="testInvalidStartCoordinate"/>
  <testcase time="0.063" classname="com.rea.robot.simulation.test.RobotSimulationTest" name="testMaxStartCoordinate"/>
  <testcase time="0.031" classname="com.rea.robot.simulation.test.RobotSimulationTest" name="testInvalidCommand"/>
  <testcase time="0" classname="com.rea.robot.simulation.test.RobotSimulationTest" name="testNullInputStream"/>
  <testcase time="0.031" classname="com.rea.robot.simulation.test.RobotSimulationTest" name="testValidScenario"/>
  <testcase time="0.031" classname="com.rea.robot.simulation.test.RobotSimulationTest" name="testInvalidStartDirection"/>
  <testcase time="0.016" classname="com.rea.robot.simulation.test.RobotSimulationTest" name="testMaximumEast"/>
  <testcase time="0" classname="com.rea.robot.simulation.test.RobotSimulationTest" name="testMaximumWest"/>
  <testcase time="0.016" classname="com.rea.robot.simulation.test.RobotSimulationTest" name="testInvalidStartLeftScenario"/>
  <testcase time="0" classname="com.rea.robot.simulation.test.RobotSimulationTest" name="testInvalidStart"/>
  <testcase time="0" classname="com.rea.robot.simulation.test.RobotSimulationTest" name="testMaximumNorth"/>
  <testcase time="0.015" classname="com.rea.robot.simulation.test.RobotSimulationTest" name="testMaximumSouth"/>
  <testcase time="0" classname="com.rea.robot.simulation.test.RobotSimulationTest" name="testInvalidPlaceCommand"/>
</testsuite>